/Users/macsmouse/Desktop/secure_HMS/.venv/lib/python3.9/site-packages/sklearn/base.py:329: UserWarning: Trying to unpickle estimator LogisticRegression from version 1.6.1 when using version 1.1.3. This might lead to breaking code or invalid results. Use at your own risk. For more info please refer to:
https://scikit-learn.org/stable/model_persistence.html#security-maintainability-limitations
  warnings.warn(
/Users/macsmouse/Desktop/secure_HMS/.venv/lib/python3.9/site-packages/sklearn/base.py:329: UserWarning: Trying to unpickle estimator StandardScaler from version 1.6.1 when using version 1.1.3. This might lead to breaking code or invalid results. Use at your own risk. For more info please refer to:
https://scikit-learn.org/stable/model_persistence.html#security-maintainability-limitations
  warnings.warn(
/Users/macsmouse/Desktop/secure_HMS/.venv/lib/python3.9/site-packages/sklearn/base.py:329: UserWarning: Trying to unpickle estimator LabelEncoder from version 1.6.1 when using version 1.1.3. This might lead to breaking code or invalid results. Use at your own risk. For more info please refer to:
https://scikit-learn.org/stable/model_persistence.html#security-maintainability-limitations
  warnings.warn(
✓ Stroke model loaded
✓ Scaler loaded
✓ Label encoders loaded
 * Serving Flask app 'app'
 * Debug mode: on
INFO:werkzeug:[31m[1mWARNING: This is a development server. Do not use it in a production deployment. Use a production WSGI server instead.[0m
 * Running on http://127.0.0.1:5000
INFO:werkzeug:[33mPress CTRL+C to quit[0m
INFO:werkzeug: * Restarting with stat
/Users/macsmouse/Desktop/secure_HMS/.venv/lib/python3.9/site-packages/sklearn/base.py:329: UserWarning: Trying to unpickle estimator LogisticRegression from version 1.6.1 when using version 1.1.3. This might lead to breaking code or invalid results. Use at your own risk. For more info please refer to:
https://scikit-learn.org/stable/model_persistence.html#security-maintainability-limitations
  warnings.warn(
/Users/macsmouse/Desktop/secure_HMS/.venv/lib/python3.9/site-packages/sklearn/base.py:329: UserWarning: Trying to unpickle estimator StandardScaler from version 1.6.1 when using version 1.1.3. This might lead to breaking code or invalid results. Use at your own risk. For more info please refer to:
https://scikit-learn.org/stable/model_persistence.html#security-maintainability-limitations
  warnings.warn(
/Users/macsmouse/Desktop/secure_HMS/.venv/lib/python3.9/site-packages/sklearn/base.py:329: UserWarning: Trying to unpickle estimator LabelEncoder from version 1.6.1 when using version 1.1.3. This might lead to breaking code or invalid results. Use at your own risk. For more info please refer to:
https://scikit-learn.org/stable/model_persistence.html#security-maintainability-limitations
  warnings.warn(
WARNING:werkzeug: * Debugger is active!
INFO:werkzeug: * Debugger PIN: 739-155-555
